c:\users\ahbar\documents\c++\ecole_tp\ecole_tp\x64\debug\vc143.pdb
c:\users\ahbar\documents\c++\ecole_tp\ecole_tp\x64\debug\vc143.idb
c:\users\ahbar\documents\c++\ecole_tp\ecole_tp\x64\debug\professeur.obj
c:\users\ahbar\documents\c++\ecole_tp\ecole_tp\x64\debug\etudiant.obj
c:\users\ahbar\documents\c++\ecole_tp\ecole_tp\x64\debug\ecole_tp.obj
c:\users\ahbar\documents\c++\ecole_tp\ecole_tp\x64\debug\ecole.obj
c:\users\ahbar\documents\c++\ecole_tp\ecole_tp\x64\debug\personne.obj
c:\users\ahbar\documents\c++\ecole_tp\ecole_tp\x64\debug\equipefoot.obj
c:\users\ahbar\documents\c++\ecole_tp\ecole_tp\x64\debug\joueur.obj
c:\users\ahbar\documents\codewars\ahbari_mohammed__projet_getsion_ecole\ecole_tp\x64\debug\vc143.pdb
c:\users\ahbar\documents\codewars\ahbari_mohammed__projet_getsion_ecole\ecole_tp\x64\debug\vc143.idb
c:\users\ahbar\documents\codewars\ahbari_mohammed__projet_getsion_ecole\ecole_tp\x64\debug\equipefoot.obj
c:\users\ahbar\documents\codewars\ahbari_mohammed__projet_getsion_ecole\ecole_tp\x64\debug\ecole.obj
c:\users\ahbar\documents\codewars\ahbari_mohammed__projet_getsion_ecole\ecole_tp\x64\debug\professeur.obj
c:\users\ahbar\documents\codewars\ahbari_mohammed__projet_getsion_ecole\ecole_tp\x64\debug\personne.obj
c:\users\ahbar\documents\codewars\ahbari_mohammed__projet_getsion_ecole\ecole_tp\x64\debug\joueur.obj
c:\users\ahbar\documents\codewars\ahbari_mohammed__projet_getsion_ecole\ecole_tp\x64\debug\etudiant.obj
c:\users\ahbar\documents\codewars\ahbari_mohammed__projet_getsion_ecole\ecole_tp\x64\debug\ecole_tp.obj
c:\users\ahbar\documents\c++\ecole_tp\x64\debug\ecole_tp.exe
c:\users\ahbar\documents\c++\ecole_tp\ecole_tp\x64\debug\ecole_tp.ilk
c:\users\ahbar\documents\c++\ecole_tp\x64\debug\ecole_tp.pdb
c:\users\ahbar\documents\codewars\ahbari_mohammed__projet_getsion_ecole\x64\debug\ecole_tp.exe
c:\users\ahbar\documents\codewars\ahbari_mohammed__projet_getsion_ecole\ecole_tp\x64\debug\ecole_tp.ilk
c:\users\ahbar\documents\codewars\ahbari_mohammed__projet_getsion_ecole\x64\debug\ecole_tp.pdb
c:\users\ahbar\documents\c++\ecole_tp\ecole_tp\x64\debug\ecole_tp.res
c:\users\ahbar\documents\codewars\ahbari_mohammed__projet_getsion_ecole\ecole_tp\x64\debug\ecole_tp.res
c:\users\ahbar\documents\codewars\ahbari_mohammed__projet_getsion_ecole\ecole_tp\x64\debug\ecole_tp.tlog\cl.command.1.tlog
c:\users\ahbar\documents\codewars\ahbari_mohammed__projet_getsion_ecole\ecole_tp\x64\debug\ecole_tp.tlog\cl.read.1.tlog
c:\users\ahbar\documents\codewars\ahbari_mohammed__projet_getsion_ecole\ecole_tp\x64\debug\ecole_tp.tlog\cl.write.1.tlog
c:\users\ahbar\documents\codewars\ahbari_mohammed__projet_getsion_ecole\ecole_tp\x64\debug\ecole_tp.tlog\link.command.1.tlog
c:\users\ahbar\documents\codewars\ahbari_mohammed__projet_getsion_ecole\ecole_tp\x64\debug\ecole_tp.tlog\link.read.1.tlog
c:\users\ahbar\documents\codewars\ahbari_mohammed__projet_getsion_ecole\ecole_tp\x64\debug\ecole_tp.tlog\link.write.1.tlog
c:\users\ahbar\documents\codewars\ahbari_mohammed__projet_getsion_ecole\ecole_tp\x64\debug\ecole_tp.tlog\rc.command.1.tlog
c:\users\ahbar\documents\codewars\ahbari_mohammed__projet_getsion_ecole\ecole_tp\x64\debug\ecole_tp.tlog\rc.read.1.tlog
c:\users\ahbar\documents\codewars\ahbari_mohammed__projet_getsion_ecole\ecole_tp\x64\debug\ecole_tp.tlog\rc.write.1.tlog
